WARNING:werkzeug: * Debugger is active!
WARNING:werkzeug: * Debugger is active!
WARNING:werkzeug: * Debugger is active!
WARNING:werkzeug: * Debugger is active!
WARNING:werkzeug: * Debugger is active!
WARNING:werkzeug: * Debugger is active!
WARNING:werkzeug: * Debugger is active!
WARNING:werkzeug: * Debugger is active!
WARNING:werkzeug: * Debugger is active!
WARNING:werkzeug: * Debugger is active!
WARNING:werkzeug: * Debugger is active!
WARNING:werkzeug: * Debugger is active!
WARNING:werkzeug: * Debugger is active!
WARNING:werkzeug: * Debugger is active!
INFO:sqlalchemy.engine.base.Engine:SHOW VARIABLES LIKE 'sql_mode'
INFO:sqlalchemy.engine.base.Engine:{}
INFO:sqlalchemy.engine.base.Engine:SELECT DATABASE()
INFO:sqlalchemy.engine.base.Engine:{}
INFO:sqlalchemy.engine.base.Engine:show collation where `Charset` = 'utf8' and `Collation` = 'utf8_bin'
INFO:sqlalchemy.engine.base.Engine:{}
INFO:sqlalchemy.engine.base.Engine:SELECT CAST('test plain returns' AS CHAR(60)) AS anon_1
INFO:sqlalchemy.engine.base.Engine:{}
INFO:sqlalchemy.engine.base.Engine:SELECT CAST('test unicode returns' AS CHAR(60)) AS anon_1
INFO:sqlalchemy.engine.base.Engine:{}
INFO:sqlalchemy.engine.base.Engine:SELECT CAST('test collated returns' AS CHAR CHARACTER SET utf8) COLLATE utf8_bin AS anon_1
INFO:sqlalchemy.engine.base.Engine:{}
INFO:sqlalchemy.engine.base.Engine:BEGIN (implicit)
INFO:sqlalchemy.engine.base.Engine:INSERT INTO TEAM (`team_id`, `team_name`, `team_joined_time`, `team_access_token`)VALUES(%s, %s, %s, %s)
INFO:sqlalchemy.engine.base.Engine:('T2L14942D', 'slackbot', datetime.datetime(2016, 10, 20, 20, 6, 43, 949589), 'xoxp-88038310081-87981042483-93895530022-24b5c65bb318e8132810d1c31c8bb025')
WARNING:werkzeug: * Debugger is active!
WARNING:werkzeug: * Debugger is active!
